<?xml version="1.0" encoding="utf-8"?><testsuites name="pytest tests"><testsuite name="pytest" errors="0" failures="0" skipped="0" tests="17" time="4.917" timestamp="2026-01-12T01:05:16.335579+00:00" hostname="agent-env-9541f62d-dcf3-4e24-8152-393fa78c3886"><testcase classname="tests.test_subdomains.TestSubdomainAPI" name="test_get_user_subdomains" time="0.390" /><testcase classname="tests.test_subdomains.TestSubdomainAPI" name="test_check_subdomain_availability_available" time="0.294" /><testcase classname="tests.test_subdomains.TestSubdomainAPI" name="test_check_subdomain_availability_reserved" time="0.316" /><testcase classname="tests.test_subdomains.TestSubdomainAPI" name="test_check_subdomain_availability_too_short" time="0.298" /><testcase classname="tests.test_subdomains.TestSubdomainAPI" name="test_check_subdomain_availability_taken" time="0.285" /><testcase classname="tests.test_subdomains.TestSubdomainAPI" name="test_plan_limit_enforcement_free_user" time="0.330" /><testcase classname="tests.test_subdomains.TestSubdomainAPI" name="test_toggle_subdomain_status" time="0.333" /><testcase classname="tests.test_subdomains.TestSubdomainAPI" name="test_delete_nonexistent_subdomain" time="0.275" /><testcase classname="tests.test_subdomains.TestAdminSubdomainAPI" name="test_admin_list_all_subdomains" time="0.306" /><testcase classname="tests.test_subdomains.TestAdminSubdomainAPI" name="test_admin_list_subdomains_with_search" time="0.303" /><testcase classname="tests.test_subdomains.TestAdminSubdomainAPI" name="test_admin_toggle_subdomain" time="0.295" /><testcase classname="tests.test_subdomains.TestAdminSubdomainAPI" name="test_admin_toggle_nonexistent_subdomain" time="0.268" /><testcase classname="tests.test_subdomains.TestSubdomainAccessControl" name="test_unauthenticated_access_denied" time="0.039" /><testcase classname="tests.test_subdomains.TestSubdomainAccessControl" name="test_regular_user_cannot_access_admin_endpoints" time="0.265" /><testcase classname="tests.test_subdomains.TestSubdomainValidation" name="test_subdomain_with_invalid_characters" time="0.264" /><testcase classname="tests.test_subdomains.TestSubdomainValidation" name="test_subdomain_starting_with_hyphen" time="0.267" /><testcase classname="tests.test_subdomains.TestSubdomainValidation" name="test_subdomain_ending_with_hyphen" time="0.265" /></testsuite></testsuites>